µ║É.cpp(19,5): warning : 'wcscat' is deprecated: This function or variable may be unsafe. Consider using wcscat_s instead. To disable deprecation, use _CRT_SECURE_NO_WARNINGS. See online help for details. [-Wdeprecated-declarations]
C:\Program Files (x86)\Windows Kits\10\Include\10.0.22621.0\ucrt\corecrt_wstring.h(100,5): message : 'wcscat' has been explicitly marked deprecated here
C:\Program Files (x86)\Windows Kits\10\Include\10.0.22621.0\ucrt\corecrt.h(835,5): message : expanded from macro '__DEFINE_CPP_OVERLOAD_STANDARD_FUNC_0_1'
C:\Program Files (x86)\Windows Kits\10\Include\10.0.22621.0\ucrt\corecrt.h(1894,17): message : expanded from macro '__DEFINE_CPP_OVERLOAD_STANDARD_FUNC_0_1_EX'
C:\Program Files\Microsoft Visual Studio\2022\Community\VC\Tools\MSVC\14.38.33130\include\vcruntime.h(355,55): message : expanded from macro '_CRT_INSECURE_DEPRECATE'
C:\Program Files\Microsoft Visual Studio\2022\Community\VC\Tools\MSVC\14.38.33130\include\vcruntime.h(345,47): message : expanded from macro '_CRT_DEPRECATE_TEXT'
µ║É.cpp(22,5): warning : 'wcscat' is deprecated: This function or variable may be unsafe. Consider using wcscat_s instead. To disable deprecation, use _CRT_SECURE_NO_WARNINGS. See online help for details. [-Wdeprecated-declarations]
C:\Program Files (x86)\Windows Kits\10\Include\10.0.22621.0\ucrt\corecrt_wstring.h(100,5): message : 'wcscat' has been explicitly marked deprecated here
C:\Program Files (x86)\Windows Kits\10\Include\10.0.22621.0\ucrt\corecrt.h(835,5): message : expanded from macro '__DEFINE_CPP_OVERLOAD_STANDARD_FUNC_0_1'
C:\Program Files (x86)\Windows Kits\10\Include\10.0.22621.0\ucrt\corecrt.h(1894,17): message : expanded from macro '__DEFINE_CPP_OVERLOAD_STANDARD_FUNC_0_1_EX'
C:\Program Files\Microsoft Visual Studio\2022\Community\VC\Tools\MSVC\14.38.33130\include\vcruntime.h(355,55): message : expanded from macro '_CRT_INSECURE_DEPRECATE'
C:\Program Files\Microsoft Visual Studio\2022\Community\VC\Tools\MSVC\14.38.33130\include\vcruntime.h(345,47): message : expanded from macro '_CRT_DEPRECATE_TEXT'
µ║É.cpp(30,69): warning : format specifies type 'int' but the argument has type 'DWORD' (aka 'unsigned long') [-Wformat]
µ║É.cpp(37,73): warning : format specifies type 'int' but the argument has type 'DWORD' (aka 'unsigned long') [-Wformat]
µ║É.cpp(46,71): warning : format specifies type 'int' but the argument has type 'DWORD' (aka 'unsigned long') [-Wformat]
µ║É.cpp(63,12): warning : variable 'hThread' set but not used [-Wunused-but-set-variable]
µ║É.cpp(99,26): warning : 'inet_ntoa' is deprecated: Use inet_ntop() or InetNtop() instead or define _WINSOCK_DEPRECATED_NO_WARNINGS to disable deprecated API warnings [-Wdeprecated-declarations]
C:\Program Files (x86)\Windows Kits\10\Include\10.0.22621.0\um\winsock2.h(1851,1): message : 'inet_ntoa' has been explicitly marked deprecated here
C:\Program Files (x86)\Windows Kits\10\Include\10.0.22621.0\um\winsock2.h(26,56): message : expanded from macro '_WINSOCK_DEPRECATED_BY'
µ║É.cpp(100,50): warning : 'inet_ntoa' is deprecated: Use inet_ntop() or InetNtop() instead or define _WINSOCK_DEPRECATED_NO_WARNINGS to disable deprecated API warnings [-Wdeprecated-declarations]
C:\Program Files (x86)\Windows Kits\10\Include\10.0.22621.0\um\winsock2.h(1851,1): message : 'inet_ntoa' has been explicitly marked deprecated here
C:\Program Files (x86)\Windows Kits\10\Include\10.0.22621.0\um\winsock2.h(26,56): message : expanded from macro '_WINSOCK_DEPRECATED_BY'
µ║É.cpp(91,43): warning : unused variable 'ptr' [-Wunused-variable]
µ║É.cpp(135,32): warning : format specifies type 'unsigned int' but the argument has type 'DWORD' (aka 'unsigned long') [-Wformat]
µ║É.cpp(147,9): warning : 'GetVersionExW' is deprecated [-Wdeprecated-declarations]
C:\Program Files (x86)\Windows Kits\10\Include\10.0.22621.0\um\sysinfoapi.h(409,23): message : expanded from macro 'GetVersionEx'
C:\Program Files (x86)\Windows Kits\10\Include\10.0.22621.0\um\sysinfoapi.h(399,1): message : 'GetVersionExW' has been explicitly marked deprecated here
C:\Program Files (x86)\Windows Kits\10\Include\10.0.22621.0\um\sysinfoapi.h(37,49): message : expanded from macro 'NOT_BUILD_WINDOWS_DEPRECATE'
µ║É.cpp(148,53): warning : format specifies type 'int' but the argument has type 'DWORD' (aka 'unsigned long') [-Wformat]
µ║É.cpp(148,74): warning : format specifies type 'int' but the argument has type 'DWORD' (aka 'unsigned long') [-Wformat]
µ║É.cpp(158,5): warning : 'strcpy' is deprecated: This function or variable may be unsafe. Consider using strcpy_s instead. To disable deprecation, use _CRT_SECURE_NO_WARNINGS. See online help for details. [-Wdeprecated-declarations]
C:\Program Files (x86)\Windows Kits\10\Include\10.0.22621.0\ucrt\string.h(130,1): message : 'strcpy' has been explicitly marked deprecated here
C:\Program Files (x86)\Windows Kits\10\Include\10.0.22621.0\ucrt\corecrt.h(835,5): message : expanded from macro '__DEFINE_CPP_OVERLOAD_STANDARD_FUNC_0_1'
C:\Program Files (x86)\Windows Kits\10\Include\10.0.22621.0\ucrt\corecrt.h(1894,17): message : expanded from macro '__DEFINE_CPP_OVERLOAD_STANDARD_FUNC_0_1_EX'
C:\Program Files\Microsoft Visual Studio\2022\Community\VC\Tools\MSVC\14.38.33130\include\vcruntime.h(355,55): message : expanded from macro '_CRT_INSECURE_DEPRECATE'
C:\Program Files\Microsoft Visual Studio\2022\Community\VC\Tools\MSVC\14.38.33130\include\vcruntime.h(345,47): message : expanded from macro '_CRT_DEPRECATE_TEXT'
µ║É.cpp(159,5): warning : 'strcat' is deprecated: This function or variable may be unsafe. Consider using strcat_s instead. To disable deprecation, use _CRT_SECURE_NO_WARNINGS. See online help for details. [-Wdeprecated-declarations]
C:\Program Files (x86)\Windows Kits\10\Include\10.0.22621.0\ucrt\string.h(91,5): message : 'strcat' has been explicitly marked deprecated here
C:\Program Files (x86)\Windows Kits\10\Include\10.0.22621.0\ucrt\corecrt.h(835,5): message : expanded from macro '__DEFINE_CPP_OVERLOAD_STANDARD_FUNC_0_1'
C:\Program Files (x86)\Windows Kits\10\Include\10.0.22621.0\ucrt\corecrt.h(1894,17): message : expanded from macro '__DEFINE_CPP_OVERLOAD_STANDARD_FUNC_0_1_EX'
C:\Program Files\Microsoft Visual Studio\2022\Community\VC\Tools\MSVC\14.38.33130\include\vcruntime.h(355,55): message : expanded from macro '_CRT_INSECURE_DEPRECATE'
C:\Program Files\Microsoft Visual Studio\2022\Community\VC\Tools\MSVC\14.38.33130\include\vcruntime.h(345,47): message : expanded from macro '_CRT_DEPRECATE_TEXT'
µ║É.cpp(160,5): warning : 'strcat' is deprecated: This function or variable may be unsafe. Consider using strcat_s instead. To disable deprecation, use _CRT_SECURE_NO_WARNINGS. See online help for details. [-Wdeprecated-declarations]
C:\Program Files (x86)\Windows Kits\10\Include\10.0.22621.0\ucrt\string.h(91,5): message : 'strcat' has been explicitly marked deprecated here
C:\Program Files (x86)\Windows Kits\10\Include\10.0.22621.0\ucrt\corecrt.h(835,5): message : expanded from macro '__DEFINE_CPP_OVERLOAD_STANDARD_FUNC_0_1'
C:\Program Files (x86)\Windows Kits\10\Include\10.0.22621.0\ucrt\corecrt.h(1894,17): message : expanded from macro '__DEFINE_CPP_OVERLOAD_STANDARD_FUNC_0_1_EX'
C:\Program Files\Microsoft Visual Studio\2022\Community\VC\Tools\MSVC\14.38.33130\include\vcruntime.h(355,55): message : expanded from macro '_CRT_INSECURE_DEPRECATE'
C:\Program Files\Microsoft Visual Studio\2022\Community\VC\Tools\MSVC\14.38.33130\include\vcruntime.h(345,47): message : expanded from macro '_CRT_DEPRECATE_TEXT'
µ║É.cpp(161,5): warning : 'strcat' is deprecated: This function or variable may be unsafe. Consider using strcat_s instead. To disable deprecation, use _CRT_SECURE_NO_WARNINGS. See online help for details. [-Wdeprecated-declarations]
C:\Program Files (x86)\Windows Kits\10\Include\10.0.22621.0\ucrt\string.h(91,5): message : 'strcat' has been explicitly marked deprecated here
C:\Program Files (x86)\Windows Kits\10\Include\10.0.22621.0\ucrt\corecrt.h(835,5): message : expanded from macro '__DEFINE_CPP_OVERLOAD_STANDARD_FUNC_0_1'
C:\Program Files (x86)\Windows Kits\10\Include\10.0.22621.0\ucrt\corecrt.h(1894,17): message : expanded from macro '__DEFINE_CPP_OVERLOAD_STANDARD_FUNC_0_1_EX'
C:\Program Files\Microsoft Visual Studio\2022\Community\VC\Tools\MSVC\14.38.33130\include\vcruntime.h(355,55): message : expanded from macro '_CRT_INSECURE_DEPRECATE'
C:\Program Files\Microsoft Visual Studio\2022\Community\VC\Tools\MSVC\14.38.33130\include\vcruntime.h(345,47): message : expanded from macro '_CRT_DEPRECATE_TEXT'
µ║É.cpp(165,24): warning : format specifies type 'int' but the argument has type 'DWORD' (aka 'unsigned long') [-Wformat]
µ║É.cpp(166,5): warning : 'strcat' is deprecated: This function or variable may be unsafe. Consider using strcat_s instead. To disable deprecation, use _CRT_SECURE_NO_WARNINGS. See online help for details. [-Wdeprecated-declarations]
C:\Program Files (x86)\Windows Kits\10\Include\10.0.22621.0\ucrt\string.h(91,5): message : 'strcat' has been explicitly marked deprecated here
C:\Program Files (x86)\Windows Kits\10\Include\10.0.22621.0\ucrt\corecrt.h(835,5): message : expanded from macro '__DEFINE_CPP_OVERLOAD_STANDARD_FUNC_0_1'
C:\Program Files (x86)\Windows Kits\10\Include\10.0.22621.0\ucrt\corecrt.h(1894,17): message : expanded from macro '__DEFINE_CPP_OVERLOAD_STANDARD_FUNC_0_1_EX'
C:\Program Files\Microsoft Visual Studio\2022\Community\VC\Tools\MSVC\14.38.33130\include\vcruntime.h(355,55): message : expanded from macro '_CRT_INSECURE_DEPRECATE'
C:\Program Files\Microsoft Visual Studio\2022\Community\VC\Tools\MSVC\14.38.33130\include\vcruntime.h(345,47): message : expanded from macro '_CRT_DEPRECATE_TEXT'
µ║É.cpp(167,5): warning : 'strcat' is deprecated: This function or variable may be unsafe. Consider using strcat_s instead. To disable deprecation, use _CRT_SECURE_NO_WARNINGS. See online help for details. [-Wdeprecated-declarations]
C:\Program Files (x86)\Windows Kits\10\Include\10.0.22621.0\ucrt\string.h(91,5): message : 'strcat' has been explicitly marked deprecated here
C:\Program Files (x86)\Windows Kits\10\Include\10.0.22621.0\ucrt\corecrt.h(835,5): message : expanded from macro '__DEFINE_CPP_OVERLOAD_STANDARD_FUNC_0_1'
C:\Program Files (x86)\Windows Kits\10\Include\10.0.22621.0\ucrt\corecrt.h(1894,17): message : expanded from macro '__DEFINE_CPP_OVERLOAD_STANDARD_FUNC_0_1_EX'
C:\Program Files\Microsoft Visual Studio\2022\Community\VC\Tools\MSVC\14.38.33130\include\vcruntime.h(355,55): message : expanded from macro '_CRT_INSECURE_DEPRECATE'
C:\Program Files\Microsoft Visual Studio\2022\Community\VC\Tools\MSVC\14.38.33130\include\vcruntime.h(345,47): message : expanded from macro '_CRT_DEPRECATE_TEXT'
µ║É.cpp(168,24): warning : format specifies type 'int' but the argument has type 'DWORD' (aka 'unsigned long') [-Wformat]
µ║É.cpp(169,5): warning : 'strcat' is deprecated: This function or variable may be unsafe. Consider using strcat_s instead. To disable deprecation, use _CRT_SECURE_NO_WARNINGS. See online help for details. [-Wdeprecated-declarations]
C:\Program Files (x86)\Windows Kits\10\Include\10.0.22621.0\ucrt\string.h(91,5): message : 'strcat' has been explicitly marked deprecated here
C:\Program Files (x86)\Windows Kits\10\Include\10.0.22621.0\ucrt\corecrt.h(835,5): message : expanded from macro '__DEFINE_CPP_OVERLOAD_STANDARD_FUNC_0_1'
C:\Program Files (x86)\Windows Kits\10\Include\10.0.22621.0\ucrt\corecrt.h(1894,17): message : expanded from macro '__DEFINE_CPP_OVERLOAD_STANDARD_FUNC_0_1_EX'
C:\Program Files\Microsoft Visual Studio\2022\Community\VC\Tools\MSVC\14.38.33130\include\vcruntime.h(355,55): message : expanded from macro '_CRT_INSECURE_DEPRECATE'
C:\Program Files\Microsoft Visual Studio\2022\Community\VC\Tools\MSVC\14.38.33130\include\vcruntime.h(345,47): message : expanded from macro '_CRT_DEPRECATE_TEXT'
µ║É.cpp(171,5): warning : 'strcat' is deprecated: This function or variable may be unsafe. Consider using strcat_s instead. To disable deprecation, use _CRT_SECURE_NO_WARNINGS. See online help for details. [-Wdeprecated-declarations]
C:\Program Files (x86)\Windows Kits\10\Include\10.0.22621.0\ucrt\string.h(91,5): message : 'strcat' has been explicitly marked deprecated here
C:\Program Files (x86)\Windows Kits\10\Include\10.0.22621.0\ucrt\corecrt.h(835,5): message : expanded from macro '__DEFINE_CPP_OVERLOAD_STANDARD_FUNC_0_1'
C:\Program Files (x86)\Windows Kits\10\Include\10.0.22621.0\ucrt\corecrt.h(1894,17): message : expanded from macro '__DEFINE_CPP_OVERLOAD_STANDARD_FUNC_0_1_EX'
C:\Program Files\Microsoft Visual Studio\2022\Community\VC\Tools\MSVC\14.38.33130\include\vcruntime.h(355,55): message : expanded from macro '_CRT_INSECURE_DEPRECATE'
C:\Program Files\Microsoft Visual Studio\2022\Community\VC\Tools\MSVC\14.38.33130\include\vcruntime.h(345,47): message : expanded from macro '_CRT_DEPRECATE_TEXT'
µ║É.cpp(172,5): warning : 'strcat' is deprecated: This function or variable may be unsafe. Consider using strcat_s instead. To disable deprecation, use _CRT_SECURE_NO_WARNINGS. See online help for details. [-Wdeprecated-declarations]
C:\Program Files (x86)\Windows Kits\10\Include\10.0.22621.0\ucrt\string.h(91,5): message : 'strcat' has been explicitly marked deprecated here
C:\Program Files (x86)\Windows Kits\10\Include\10.0.22621.0\ucrt\corecrt.h(835,5): message : expanded from macro '__DEFINE_CPP_OVERLOAD_STANDARD_FUNC_0_1'
C:\Program Files (x86)\Windows Kits\10\Include\10.0.22621.0\ucrt\corecrt.h(1894,17): message : expanded from macro '__DEFINE_CPP_OVERLOAD_STANDARD_FUNC_0_1_EX'
C:\Program Files\Microsoft Visual Studio\2022\Community\VC\Tools\MSVC\14.38.33130\include\vcruntime.h(355,55): message : expanded from macro '_CRT_INSECURE_DEPRECATE'
C:\Program Files\Microsoft Visual Studio\2022\Community\VC\Tools\MSVC\14.38.33130\include\vcruntime.h(345,47): message : expanded from macro '_CRT_DEPRECATE_TEXT'
µ║É.cpp(173,5): warning : 'strcat' is deprecated: This function or variable may be unsafe. Consider using strcat_s instead. To disable deprecation, use _CRT_SECURE_NO_WARNINGS. See online help for details. [-Wdeprecated-declarations]
C:\Program Files (x86)\Windows Kits\10\Include\10.0.22621.0\ucrt\string.h(91,5): message : 'strcat' has been explicitly marked deprecated here
C:\Program Files (x86)\Windows Kits\10\Include\10.0.22621.0\ucrt\corecrt.h(835,5): message : expanded from macro '__DEFINE_CPP_OVERLOAD_STANDARD_FUNC_0_1'
C:\Program Files (x86)\Windows Kits\10\Include\10.0.22621.0\ucrt\corecrt.h(1894,17): message : expanded from macro '__DEFINE_CPP_OVERLOAD_STANDARD_FUNC_0_1_EX'
C:\Program Files\Microsoft Visual Studio\2022\Community\VC\Tools\MSVC\14.38.33130\include\vcruntime.h(355,55): message : expanded from macro '_CRT_INSECURE_DEPRECATE'
C:\Program Files\Microsoft Visual Studio\2022\Community\VC\Tools\MSVC\14.38.33130\include\vcruntime.h(345,47): message : expanded from macro '_CRT_DEPRECATE_TEXT'
µ║É.cpp(174,24): warning : format specifies type 'int' but the argument has type 'DWORD' (aka 'unsigned long') [-Wformat]
µ║É.cpp(175,5): warning : 'strcat' is deprecated: This function or variable may be unsafe. Consider using strcat_s instead. To disable deprecation, use _CRT_SECURE_NO_WARNINGS. See online help for details. [-Wdeprecated-declarations]
C:\Program Files (x86)\Windows Kits\10\Include\10.0.22621.0\ucrt\string.h(91,5): message : 'strcat' has been explicitly marked deprecated here
C:\Program Files (x86)\Windows Kits\10\Include\10.0.22621.0\ucrt\corecrt.h(835,5): message : expanded from macro '__DEFINE_CPP_OVERLOAD_STANDARD_FUNC_0_1'
C:\Program Files (x86)\Windows Kits\10\Include\10.0.22621.0\ucrt\corecrt.h(1894,17): message : expanded from macro '__DEFINE_CPP_OVERLOAD_STANDARD_FUNC_0_1_EX'
C:\Program Files\Microsoft Visual Studio\2022\Community\VC\Tools\MSVC\14.38.33130\include\vcruntime.h(355,55): message : expanded from macro '_CRT_INSECURE_DEPRECATE'
C:\Program Files\Microsoft Visual Studio\2022\Community\VC\Tools\MSVC\14.38.33130\include\vcruntime.h(345,47): message : expanded from macro '_CRT_DEPRECATE_TEXT'
µ║É.cpp(177,12): warning : address of stack memory associated with local variable 'tmp_message' returned [-Wreturn-stack-address]
µ║É.cpp(233,10): warning : unused variable 'bResults' [-Wunused-variable]
µ║É.cpp(234,11): warning : unused variable 'bytesRead' [-Wunused-variable]
µ║É.cpp(614,64): warning : format specifies type 'int' but the argument has type 'DWORD' (aka 'unsigned long') [-Wformat]
µ║É.cpp(650,13): warning : 'strcat' is deprecated: This function or variable may be unsafe. Consider using strcat_s instead. To disable deprecation, use _CRT_SECURE_NO_WARNINGS. See online help for details. [-Wdeprecated-declarations]
C:\Program Files (x86)\Windows Kits\10\Include\10.0.22621.0\ucrt\string.h(91,5): message : 'strcat' has been explicitly marked deprecated here
C:\Program Files (x86)\Windows Kits\10\Include\10.0.22621.0\ucrt\corecrt.h(835,5): message : expanded from macro '__DEFINE_CPP_OVERLOAD_STANDARD_FUNC_0_1'
C:\Program Files (x86)\Windows Kits\10\Include\10.0.22621.0\ucrt\corecrt.h(1894,17): message : expanded from macro '__DEFINE_CPP_OVERLOAD_STANDARD_FUNC_0_1_EX'
C:\Program Files\Microsoft Visual Studio\2022\Community\VC\Tools\MSVC\14.38.33130\include\vcruntime.h(355,55): message : expanded from macro '_CRT_INSECURE_DEPRECATE'
C:\Program Files\Microsoft Visual Studio\2022\Community\VC\Tools\MSVC\14.38.33130\include\vcruntime.h(345,47): message : expanded from macro '_CRT_DEPRECATE_TEXT'
µ║É.cpp(660,17): warning : 'strcat' is deprecated: This function or variable may be unsafe. Consider using strcat_s instead. To disable deprecation, use _CRT_SECURE_NO_WARNINGS. See online help for details. [-Wdeprecated-declarations]
C:\Program Files (x86)\Windows Kits\10\Include\10.0.22621.0\ucrt\string.h(91,5): message : 'strcat' has been explicitly marked deprecated here
C:\Program Files (x86)\Windows Kits\10\Include\10.0.22621.0\ucrt\corecrt.h(835,5): message : expanded from macro '__DEFINE_CPP_OVERLOAD_STANDARD_FUNC_0_1'
C:\Program Files (x86)\Windows Kits\10\Include\10.0.22621.0\ucrt\corecrt.h(1894,17): message : expanded from macro '__DEFINE_CPP_OVERLOAD_STANDARD_FUNC_0_1_EX'
C:\Program Files\Microsoft Visual Studio\2022\Community\VC\Tools\MSVC\14.38.33130\include\vcruntime.h(355,55): message : expanded from macro '_CRT_INSECURE_DEPRECATE'
C:\Program Files\Microsoft Visual Studio\2022\Community\VC\Tools\MSVC\14.38.33130\include\vcruntime.h(345,47): message : expanded from macro '_CRT_DEPRECATE_TEXT'
µ║É.cpp(674,13): warning : 'strcat' is deprecated: This function or variable may be unsafe. Consider using strcat_s instead. To disable deprecation, use _CRT_SECURE_NO_WARNINGS. See online help for details. [-Wdeprecated-declarations]
C:\Program Files (x86)\Windows Kits\10\Include\10.0.22621.0\ucrt\string.h(91,5): message : 'strcat' has been explicitly marked deprecated here
C:\Program Files (x86)\Windows Kits\10\Include\10.0.22621.0\ucrt\corecrt.h(835,5): message : expanded from macro '__DEFINE_CPP_OVERLOAD_STANDARD_FUNC_0_1'
C:\Program Files (x86)\Windows Kits\10\Include\10.0.22621.0\ucrt\corecrt.h(1894,17): message : expanded from macro '__DEFINE_CPP_OVERLOAD_STANDARD_FUNC_0_1_EX'
C:\Program Files\Microsoft Visual Studio\2022\Community\VC\Tools\MSVC\14.38.33130\include\vcruntime.h(355,55): message : expanded from macro '_CRT_INSECURE_DEPRECATE'
C:\Program Files\Microsoft Visual Studio\2022\Community\VC\Tools\MSVC\14.38.33130\include\vcruntime.h(345,47): message : expanded from macro '_CRT_DEPRECATE_TEXT'
µ║É.cpp(704,17): warning : 'strcat' is deprecated: This function or variable may be unsafe. Consider using strcat_s instead. To disable deprecation, use _CRT_SECURE_NO_WARNINGS. See online help for details. [-Wdeprecated-declarations]
C:\Program Files (x86)\Windows Kits\10\Include\10.0.22621.0\ucrt\string.h(91,5): message : 'strcat' has been explicitly marked deprecated here
C:\Program Files (x86)\Windows Kits\10\Include\10.0.22621.0\ucrt\corecrt.h(835,5): message : expanded from macro '__DEFINE_CPP_OVERLOAD_STANDARD_FUNC_0_1'
C:\Program Files (x86)\Windows Kits\10\Include\10.0.22621.0\ucrt\corecrt.h(1894,17): message : expanded from macro '__DEFINE_CPP_OVERLOAD_STANDARD_FUNC_0_1_EX'
C:\Program Files\Microsoft Visual Studio\2022\Community\VC\Tools\MSVC\14.38.33130\include\vcruntime.h(355,55): message : expanded from macro '_CRT_INSECURE_DEPRECATE'
C:\Program Files\Microsoft Visual Studio\2022\Community\VC\Tools\MSVC\14.38.33130\include\vcruntime.h(345,47): message : expanded from macro '_CRT_DEPRECATE_TEXT'
µ║É.cpp(709,13): warning : 'strcat' is deprecated: This function or variable may be unsafe. Consider using strcat_s instead. To disable deprecation, use _CRT_SECURE_NO_WARNINGS. See online help for details. [-Wdeprecated-declarations]
C:\Program Files (x86)\Windows Kits\10\Include\10.0.22621.0\ucrt\string.h(91,5): message : 'strcat' has been explicitly marked deprecated here
C:\Program Files (x86)\Windows Kits\10\Include\10.0.22621.0\ucrt\corecrt.h(835,5): message : expanded from macro '__DEFINE_CPP_OVERLOAD_STANDARD_FUNC_0_1'
C:\Program Files (x86)\Windows Kits\10\Include\10.0.22621.0\ucrt\corecrt.h(1894,17): message : expanded from macro '__DEFINE_CPP_OVERLOAD_STANDARD_FUNC_0_1_EX'
C:\Program Files\Microsoft Visual Studio\2022\Community\VC\Tools\MSVC\14.38.33130\include\vcruntime.h(355,55): message : expanded from macro '_CRT_INSECURE_DEPRECATE'
C:\Program Files\Microsoft Visual Studio\2022\Community\VC\Tools\MSVC\14.38.33130\include\vcruntime.h(345,47): message : expanded from macro '_CRT_DEPRECATE_TEXT'
µ║É.cpp(714,64): warning : format specifies type 'int' but the argument has type 'DWORD' (aka 'unsigned long') [-Wformat]
µ║É.cpp(733,60): warning : format specifies type 'int' but the argument has type 'DWORD' (aka 'unsigned long') [-Wformat]
µ║É.cpp(810,61): warning : format specifies type 'int' but the argument has type 'DWORD' (aka 'unsigned long') [-Wformat]
µ║É.cpp(814,51): warning : format specifies type 'int' but the argument has type 'DWORD' (aka 'unsigned long') [-Wformat]
µ║É.cpp(742,11): warning : unused variable 'dwSize' [-Wunused-variable]
µ║É.cpp(743,11): warning : unused variable 'dwDownloaded' [-Wunused-variable]
µ║É.cpp(744,11): warning : unused variable 'pszOutBuffer' [-Wunused-variable]
µ║É.cpp(745,11): warning : unused variable 'bSuccess' [-Wunused-variable]
µ║É.cpp(961,61): warning : format specifies type 'int' but the argument has type 'DWORD' (aka 'unsigned long') [-Wformat]
µ║É.cpp(965,51): warning : format specifies type 'int' but the argument has type 'DWORD' (aka 'unsigned long') [-Wformat]
µ║É.cpp(988,5): warning : 'strcat' is deprecated: This function or variable may be unsafe. Consider using strcat_s instead. To disable deprecation, use _CRT_SECURE_NO_WARNINGS. See online help for details. [-Wdeprecated-declarations]
C:\Program Files (x86)\Windows Kits\10\Include\10.0.22621.0\ucrt\string.h(91,5): message : 'strcat' has been explicitly marked deprecated here
C:\Program Files (x86)\Windows Kits\10\Include\10.0.22621.0\ucrt\corecrt.h(835,5): message : expanded from macro '__DEFINE_CPP_OVERLOAD_STANDARD_FUNC_0_1'
C:\Program Files (x86)\Windows Kits\10\Include\10.0.22621.0\ucrt\corecrt.h(1894,17): message : expanded from macro '__DEFINE_CPP_OVERLOAD_STANDARD_FUNC_0_1_EX'
C:\Program Files\Microsoft Visual Studio\2022\Community\VC\Tools\MSVC\14.38.33130\include\vcruntime.h(355,55): message : expanded from macro '_CRT_INSECURE_DEPRECATE'
C:\Program Files\Microsoft Visual Studio\2022\Community\VC\Tools\MSVC\14.38.33130\include\vcruntime.h(345,47): message : expanded from macro '_CRT_DEPRECATE_TEXT'
µ║É.cpp(989,5): warning : 'strcat' is deprecated: This function or variable may be unsafe. Consider using strcat_s instead. To disable deprecation, use _CRT_SECURE_NO_WARNINGS. See online help for details. [-Wdeprecated-declarations]
C:\Program Files (x86)\Windows Kits\10\Include\10.0.22621.0\ucrt\string.h(91,5): message : 'strcat' has been explicitly marked deprecated here
C:\Program Files (x86)\Windows Kits\10\Include\10.0.22621.0\ucrt\corecrt.h(835,5): message : expanded from macro '__DEFINE_CPP_OVERLOAD_STANDARD_FUNC_0_1'
C:\Program Files (x86)\Windows Kits\10\Include\10.0.22621.0\ucrt\corecrt.h(1894,17): message : expanded from macro '__DEFINE_CPP_OVERLOAD_STANDARD_FUNC_0_1_EX'
C:\Program Files\Microsoft Visual Studio\2022\Community\VC\Tools\MSVC\14.38.33130\include\vcruntime.h(355,55): message : expanded from macro '_CRT_INSECURE_DEPRECATE'
C:\Program Files\Microsoft Visual Studio\2022\Community\VC\Tools\MSVC\14.38.33130\include\vcruntime.h(345,47): message : expanded from macro '_CRT_DEPRECATE_TEXT'
µ║É.cpp(990,5): warning : 'strcat' is deprecated: This function or variable may be unsafe. Consider using strcat_s instead. To disable deprecation, use _CRT_SECURE_NO_WARNINGS. See online help for details. [-Wdeprecated-declarations]
C:\Program Files (x86)\Windows Kits\10\Include\10.0.22621.0\ucrt\string.h(91,5): message : 'strcat' has been explicitly marked deprecated here
C:\Program Files (x86)\Windows Kits\10\Include\10.0.22621.0\ucrt\corecrt.h(835,5): message : expanded from macro '__DEFINE_CPP_OVERLOAD_STANDARD_FUNC_0_1'
C:\Program Files (x86)\Windows Kits\10\Include\10.0.22621.0\ucrt\corecrt.h(1894,17): message : expanded from macro '__DEFINE_CPP_OVERLOAD_STANDARD_FUNC_0_1_EX'
C:\Program Files\Microsoft Visual Studio\2022\Community\VC\Tools\MSVC\14.38.33130\include\vcruntime.h(355,55): message : expanded from macro '_CRT_INSECURE_DEPRECATE'
C:\Program Files\Microsoft Visual Studio\2022\Community\VC\Tools\MSVC\14.38.33130\include\vcruntime.h(345,47): message : expanded from macro '_CRT_DEPRECATE_TEXT'
µ║É.cpp(991,5): warning : 'strcat' is deprecated: This function or variable may be unsafe. Consider using strcat_s instead. To disable deprecation, use _CRT_SECURE_NO_WARNINGS. See online help for details. [-Wdeprecated-declarations]
C:\Program Files (x86)\Windows Kits\10\Include\10.0.22621.0\ucrt\string.h(91,5): message : 'strcat' has been explicitly marked deprecated here
C:\Program Files (x86)\Windows Kits\10\Include\10.0.22621.0\ucrt\corecrt.h(835,5): message : expanded from macro '__DEFINE_CPP_OVERLOAD_STANDARD_FUNC_0_1'
C:\Program Files (x86)\Windows Kits\10\Include\10.0.22621.0\ucrt\corecrt.h(1894,17): message : expanded from macro '__DEFINE_CPP_OVERLOAD_STANDARD_FUNC_0_1_EX'
C:\Program Files\Microsoft Visual Studio\2022\Community\VC\Tools\MSVC\14.38.33130\include\vcruntime.h(355,55): message : expanded from macro '_CRT_INSECURE_DEPRECATE'
C:\Program Files\Microsoft Visual Studio\2022\Community\VC\Tools\MSVC\14.38.33130\include\vcruntime.h(345,47): message : expanded from macro '_CRT_DEPRECATE_TEXT'
µ║É.cpp(993,9): warning : 'strcat' is deprecated: This function or variable may be unsafe. Consider using strcat_s instead. To disable deprecation, use _CRT_SECURE_NO_WARNINGS. See online help for details. [-Wdeprecated-declarations]
C:\Program Files (x86)\Windows Kits\10\Include\10.0.22621.0\ucrt\string.h(91,5): message : 'strcat' has been explicitly marked deprecated here
C:\Program Files (x86)\Windows Kits\10\Include\10.0.22621.0\ucrt\corecrt.h(835,5): message : expanded from macro '__DEFINE_CPP_OVERLOAD_STANDARD_FUNC_0_1'
C:\Program Files (x86)\Windows Kits\10\Include\10.0.22621.0\ucrt\corecrt.h(1894,17): message : expanded from macro '__DEFINE_CPP_OVERLOAD_STANDARD_FUNC_0_1_EX'
C:\Program Files\Microsoft Visual Studio\2022\Community\VC\Tools\MSVC\14.38.33130\include\vcruntime.h(355,55): message : expanded from macro '_CRT_INSECURE_DEPRECATE'
C:\Program Files\Microsoft Visual Studio\2022\Community\VC\Tools\MSVC\14.38.33130\include\vcruntime.h(345,47): message : expanded from macro '_CRT_DEPRECATE_TEXT'
µ║É.cpp(994,9): warning : 'strcat' is deprecated: This function or variable may be unsafe. Consider using strcat_s instead. To disable deprecation, use _CRT_SECURE_NO_WARNINGS. See online help for details. [-Wdeprecated-declarations]
C:\Program Files (x86)\Windows Kits\10\Include\10.0.22621.0\ucrt\string.h(91,5): message : 'strcat' has been explicitly marked deprecated here
C:\Program Files (x86)\Windows Kits\10\Include\10.0.22621.0\ucrt\corecrt.h(835,5): message : expanded from macro '__DEFINE_CPP_OVERLOAD_STANDARD_FUNC_0_1'
C:\Program Files (x86)\Windows Kits\10\Include\10.0.22621.0\ucrt\corecrt.h(1894,17): message : expanded from macro '__DEFINE_CPP_OVERLOAD_STANDARD_FUNC_0_1_EX'
C:\Program Files\Microsoft Visual Studio\2022\Community\VC\Tools\MSVC\14.38.33130\include\vcruntime.h(355,55): message : expanded from macro '_CRT_INSECURE_DEPRECATE'
C:\Program Files\Microsoft Visual Studio\2022\Community\VC\Tools\MSVC\14.38.33130\include\vcruntime.h(345,47): message : expanded from macro '_CRT_DEPRECATE_TEXT'
µ║É.cpp(997,9): warning : 'strcat' is deprecated: This function or variable may be unsafe. Consider using strcat_s instead. To disable deprecation, use _CRT_SECURE_NO_WARNINGS. See online help for details. [-Wdeprecated-declarations]
C:\Program Files (x86)\Windows Kits\10\Include\10.0.22621.0\ucrt\string.h(91,5): message : 'strcat' has been explicitly marked deprecated here
C:\Program Files (x86)\Windows Kits\10\Include\10.0.22621.0\ucrt\corecrt.h(835,5): message : expanded from macro '__DEFINE_CPP_OVERLOAD_STANDARD_FUNC_0_1'
C:\Program Files (x86)\Windows Kits\10\Include\10.0.22621.0\ucrt\corecrt.h(1894,17): message : expanded from macro '__DEFINE_CPP_OVERLOAD_STANDARD_FUNC_0_1_EX'
C:\Program Files\Microsoft Visual Studio\2022\Community\VC\Tools\MSVC\14.38.33130\include\vcruntime.h(355,55): message : expanded from macro '_CRT_INSECURE_DEPRECATE'
C:\Program Files\Microsoft Visual Studio\2022\Community\VC\Tools\MSVC\14.38.33130\include\vcruntime.h(345,47): message : expanded from macro '_CRT_DEPRECATE_TEXT'
µ║É.cpp(998,9): warning : 'strcat' is deprecated: This function or variable may be unsafe. Consider using strcat_s instead. To disable deprecation, use _CRT_SECURE_NO_WARNINGS. See online help for details. [-Wdeprecated-declarations]
C:\Program Files (x86)\Windows Kits\10\Include\10.0.22621.0\ucrt\string.h(91,5): message : 'strcat' has been explicitly marked deprecated here
C:\Program Files (x86)\Windows Kits\10\Include\10.0.22621.0\ucrt\corecrt.h(835,5): message : expanded from macro '__DEFINE_CPP_OVERLOAD_STANDARD_FUNC_0_1'
C:\Program Files (x86)\Windows Kits\10\Include\10.0.22621.0\ucrt\corecrt.h(1894,17): message : expanded from macro '__DEFINE_CPP_OVERLOAD_STANDARD_FUNC_0_1_EX'
C:\Program Files\Microsoft Visual Studio\2022\Community\VC\Tools\MSVC\14.38.33130\include\vcruntime.h(355,55): message : expanded from macro '_CRT_INSECURE_DEPRECATE'
C:\Program Files\Microsoft Visual Studio\2022\Community\VC\Tools\MSVC\14.38.33130\include\vcruntime.h(345,47): message : expanded from macro '_CRT_DEPRECATE_TEXT'
  Project1.vcxproj -> C:\Users\vboxuser\Desktop\Project1\x64\Debug\Project1.exe
  'pwsh.exe' is not recognized as an internal or external command,
  operable program or batch file.
